c:\users\helpc\desktop\c++\gmp2\gmp2\x64\release\vc143.pdb
c:\users\helpc\desktop\c++\gmp2\gmp2\x64\release\main.obj
c:\users\helpc\desktop\c++\gmp2\gmp2\x64\release\statecontroller.obj
c:\users\helpc\desktop\c++\gmp2\gmp2\x64\release\startmenustate.obj
c:\users\helpc\desktop\c++\gmp2\gmp2\x64\release\scoredisplay.obj
c:\users\helpc\desktop\c++\gmp2\gmp2\x64\release\resourcemanager.obj
c:\users\helpc\desktop\c++\gmp2\gmp2\x64\release\player.obj
c:\users\helpc\desktop\c++\gmp2\gmp2\x64\release\playstate.obj
c:\users\helpc\desktop\c++\gmp2\gmp2\x64\release\obstacles.obj
c:\users\helpc\desktop\c++\gmp2\gmp2\x64\release\introstate.obj
c:\users\helpc\desktop\c++\gmp2\gmp2\x64\release\ground.obj
c:\users\helpc\desktop\c++\gmp2\gmp2\x64\release\eventmanager.obj
c:\users\helpc\desktop\c++\gmp2\gmp2\x64\release\engine.obj
c:\users\helpc\desktop\c++\gmp2\gmp2\x64\release\enemy.obj
c:\users\helpc\desktop\c++\gmp2\gmp2\x64\release\endgamestate.obj
c:\users\helpc\desktop\c++\gmp2\gmp2\x64\release\collider.obj
c:\users\helpc\desktop\c++\gmp2\gmp2\x64\release\blink.obj
c:\users\helpc\desktop\c++\gmp2\gmp2\x64\release\gmp2.ipdb
c:\users\helpc\desktop\c++\gmp2\gmp2\x64\release\gmp2.iobj
c:\users\helpc\desktop\c++\gmp2\x64\release\gmp2.pdb
c:\users\helpc\desktop\c++\gmp2\gmp2\x64\release\gmp2.tlog\cl.command.1.tlog
c:\users\helpc\desktop\c++\gmp2\gmp2\x64\release\gmp2.tlog\cl.items.tlog
c:\users\helpc\desktop\c++\gmp2\gmp2\x64\release\gmp2.tlog\cl.read.1.tlog
c:\users\helpc\desktop\c++\gmp2\gmp2\x64\release\gmp2.tlog\cl.write.1.tlog
c:\users\helpc\desktop\c++\gmp2\gmp2\x64\release\gmp2.tlog\link.command.1.tlog
c:\users\helpc\desktop\c++\gmp2\gmp2\x64\release\gmp2.tlog\link.read.1.tlog
c:\users\helpc\desktop\c++\gmp2\gmp2\x64\release\gmp2.tlog\link.secondary.1.tlog
c:\users\helpc\desktop\c++\gmp2\gmp2\x64\release\gmp2.tlog\link.write.1.tlog
